# JRE version: OpenJDK Runtime Environment (16.0.2+7) (build 16.0.2+7-67)
# Java VM: OpenJDK 64-Bit Server VM (16.0.2+7-67, mixed mode, tiered, compressed oops, compressed class ptrs, g1 gc, windows-amd64)
GC Precious Log:
 CPUs: 2 total, 2 available
 Memory: 3486M
 Large Page Support: Disabled
 NUMA Support: Disabled
 Compressed Oops: Enabled (32-bit)
 Heap Region Size: 1M
 Heap Min Capacity: 8M
 Heap Initial Capacity: 56M
 Heap Max Capacity: 872M
 Pre-touch: Disabled
 Parallel Workers: 2
 Concurrent Workers: 1
 Concurrent Refinement Workers: 2
 Periodic GC: Disabled
Heap:
 garbage-first heap   total 280576K, used 124042K [0x00000000c9800000, 0x0000000100000000)
  region size 1024K, 6 young (6144K), 6 survivors (6144K)
 Metaspace       used 4446K, committed 4608K, reserved 1056768K
  class space    used 357K, committed 448K, reserved 1048576K
GC Heap History (20 events):
Event: 1692.814 GC heap after
{Heap after GC invocations=5891 (full 0):
 garbage-first heap   total 280576K, used 127661K [0x00000000c9800000, 0x0000000100000000)
  region size 1024K, 1 young (1024K), 1 survivors (1024K)
 Metaspace       used 4376K, committed 4544K, reserved 1056768K
  class space    used 352K, committed 448K, reserved 1048576K
}
Event: 1702.624 GC heap before
{Heap before GC invocations=5892 (full 0):
 garbage-first heap   total 280576K, used 240301K [0x00000000c9800000, 0x0000000100000000)
  region size 1024K, 120 young (122880K), 1 survivors (1024K)
 Metaspace       used 4398K, committed 4544K, reserved 1056768K
  class space    used 354K, committed 448K, reserved 1048576K
}
Event: 1702.630 GC heap after
{Heap after GC invocations=5893 (full 0):
 garbage-first heap   total 280576K, used 118472K [0x00000000c9800000, 0x0000000100000000)
  region size 1024K, 1 young (1024K), 1 survivors (1024K)
 Metaspace       used 4398K, committed 4544K, reserved 1056768K
  class space    used 354K, committed 448K, reserved 1048576K
}
Event: 1702.767 GC heap before
{Heap before GC invocations=5893 (full 0):
 garbage-first heap   total 280576K, used 248520K [0x00000000c9800000, 0x0000000100000000)
  region size 1024K, 128 young (131072K), 1 survivors (1024K)
 Metaspace       used 4399K, committed 4544K, reserved 1056768K
  class space    used 354K, committed 448K, reserved 1048576K
}
Event: 1702.769 GC heap after
{Heap after GC invocations=5894 (full 0):
 garbage-first heap   total 280576K, used 118467K [0x00000000c9800000, 0x0000000100000000)
  region size 1024K, 1 young (1024K), 1 survivors (1024K)
 Metaspace       used 4399K, committed 4544K, reserved 1056768K
  class space    used 354K, committed 448K, reserved 1048576K
}
Event: 1703.479 GC heap before
{Heap before GC invocations=5894 (full 0):
 garbage-first heap   total 280576K, used 249539K [0x00000000c9800000, 0x0000000100000000)
  region size 1024K, 129 young (132096K), 1 survivors (1024K)
 Metaspace       used 4418K, committed 4544K, reserved 1056768K
  class space    used 356K, committed 448K, reserved 1048576K
}
Event: 1703.486 GC heap after
{Heap after GC invocations=5895 (full 0):
 garbage-first heap   total 280576K, used 120348K [0x00000000c9800000, 0x0000000100000000)
  region size 1024K, 3 young (3072K), 3 survivors (3072K)
 Metaspace       used 4418K, committed 4544K, reserved 1056768K
  class space    used 356K, committed 448K, reserved 1048576K
}
Event: 1704.007 GC heap before
{Heap before GC invocations=5895 (full 0):
 garbage-first heap   total 280576K, used 247324K [0x00000000c9800000, 0x0000000100000000)
  region size 1024K, 127 young (130048K), 3 survivors (3072K)
 Metaspace       used 4437K, committed 4544K, reserved 1056768K
  class space    used 356K, committed 448K, reserved 1048576K
}
Event: 1704.022 GC heap after
{Heap after GC invocations=5896 (full 0):
 garbage-first heap   total 280576K, used 122300K [0x00000000c9800000, 0x0000000100000000)
  region size 1024K, 4 young (4096K), 4 survivors (4096K)
 Metaspace       used 4437K, committed 4544K, reserved 1056768K
  class space    used 356K, committed 448K, reserved 1048576K
}
Event: 1704.496 GC heap before
{Heap before GC invocations=5896 (full 0):
 garbage-first heap   total 280576K, used 247228K [0x00000000c9800000, 0x0000000100000000)
  region size 1024K, 126 young (129024K), 4 survivors (4096K)
 Metaspace       used 4446K, committed 4608K, reserved 1056768K
  class space    used 357K, committed 448K, reserved 1048576K
}
Event: 1704.516 GC heap after
{Heap after GC invocations=5897 (full 0):
 garbage-first heap   total 280576K, used 123728K [0x00000000c9800000, 0x0000000100000000)
  region size 1024K, 6 young (6144K), 6 survivors (6144K)
 Metaspace       used 4446K, committed 4608K, reserved 1056768K
  class space    used 357K, committed 448K, reserved 1048576K
}
Event: 1704.555 GC heap before
{Heap before GC invocations=5897 (full 0):
 garbage-first heap   total 280576K, used 243536K [0x00000000c9800000, 0x0000000100000000)
  region size 1024K, 124 young (126976K), 6 survivors (6144K)
 Metaspace       used 4446K, committed 4608K, reserved 1056768K
  class space    used 357K, committed 448K, reserved 1048576K
}
Event: 1704.577 GC heap after
{Heap after GC invocations=5898 (full 0):
 garbage-first heap   total 280576K, used 124380K [0x00000000c9800000, 0x0000000100000000)
  region size 1024K, 6 young (6144K), 6 survivors (6144K)
 Metaspace       used 4446K, committed 4608K, reserved 1056768K
  class space    used 357K, committed 448K, reserved 1048576K
}
Event: 1704.619 GC heap before
{Heap before GC invocations=5898 (full 0):
 garbage-first heap   total 280576K, used 244188K [0x00000000c9800000, 0x0000000100000000)
  region size 1024K, 124 young (126976K), 6 survivors (6144K)
 Metaspace       used 4446K, committed 4608K, reserved 1056768K
  class space    used 357K, committed 448K, reserved 1048576K
}
Event: 1704.639 GC heap after
{Heap after GC invocations=5899 (full 0):
 garbage-first heap   total 280576K, used 123966K [0x00000000c9800000, 0x0000000100000000)
  region size 1024K, 6 young (6144K), 6 survivors (6144K)
 Metaspace       used 4446K, committed 4608K, reserved 1056768K
  class space    used 357K, committed 448K, reserved 1048576K
}
Event: 1704.678 GC heap before
{Heap before GC invocations=5899 (full 0):
 garbage-first heap   total 280576K, used 243774K [0x00000000c9800000, 0x0000000100000000)
  region size 1024K, 124 young (126976K), 6 survivors (6144K)
 Metaspace       used 4446K, committed 4608K, reserved 1056768K
  class space    used 357K, committed 448K, reserved 1048576K
}
Event: 1704.697 GC heap after
{Heap after GC invocations=5900 (full 0):
 garbage-first heap   total 280576K, used 123991K [0x00000000c9800000, 0x0000000100000000)
  region size 1024K, 6 young (6144K), 6 survivors (6144K)
 Metaspace       used 4446K, committed 4608K, reserved 1056768K
  class space    used 357K, committed 448K, reserved 1048576K
}
Event: 1704.738 GC heap before
{Heap before GC invocations=5900 (full 0):
 garbage-first heap   total 280576K, used 243799K [0x00000000c9800000, 0x0000000100000000)
  region size 1024K, 124 young (126976K), 6 survivors (6144K)
 Metaspace       used 4446K, committed 4608K, reserved 1056768K
  class space    used 357K, committed 448K, reserved 1048576K
}
Event: 1704.756 GC heap after
{Heap after GC invocations=5901 (full 0):
 garbage-first heap   total 280576K, used 124017K [0x00000000c9800000, 0x0000000100000000)
  region size 1024K, 6 young (6144K), 6 survivors (6144K)
 Metaspace       used 4446K, committed 4608K, reserved 1056768K
  class space    used 357K, committed 448K, reserved 1048576K
}
Event: 1704.796 GC heap before
{Heap before GC invocations=5901 (full 0):
 garbage-first heap   total 280576K, used 243825K [0x00000000c9800000, 0x0000000100000000)
  region size 1024K, 124 young (126976K), 6 survivors (6144K)
 Metaspace       used 4446K, committed 4608K, reserved 1056768K
  class space    used 357K, committed 448K, reserved 1048576K
}

